0 info it worked if it ends with ok
1 verbose cli [ 'node', '/usr/local/bin/npm', 'install' ]
2 info using npm@1.4.28
3 info using node@v0.10.32
4 verbose readDependencies using package.json deps
5 verbose install where, deps [ '/Users/tom/github/tombola.github.io',
5 verbose install   [ 'grunt',
5 verbose install     'grunt-contrib-clean',
5 verbose install     'grunt-contrib-jshint',
5 verbose install     'grunt-contrib-uglify',
5 verbose install     'grunt-contrib-watch',
5 verbose install     'grunt-recess',
5 verbose install     'grunt-contrib-imagemin',
5 verbose install     'grunt-svgmin' ] ]
6 info preinstall minimal-mistakes-theme@
7 verbose readDependencies using package.json deps
8 verbose cache add [ 'grunt@~0.4.1', null ]
9 verbose cache add name=undefined spec="grunt@~0.4.1" args=["grunt@~0.4.1",null]
10 verbose parsed url { protocol: null,
10 verbose parsed url   slashes: null,
10 verbose parsed url   auth: null,
10 verbose parsed url   host: null,
10 verbose parsed url   port: null,
10 verbose parsed url   hostname: null,
10 verbose parsed url   hash: null,
10 verbose parsed url   search: null,
10 verbose parsed url   query: null,
10 verbose parsed url   pathname: 'grunt@~0.4.1',
10 verbose parsed url   path: 'grunt@~0.4.1',
10 verbose parsed url   href: 'grunt@~0.4.1' }
11 verbose cache add [ 'grunt-contrib-clean@~0.5.0', null ]
12 verbose cache add name=undefined spec="grunt-contrib-clean@~0.5.0" args=["grunt-contrib-clean@~0.5.0",null]
13 verbose parsed url { protocol: null,
13 verbose parsed url   slashes: null,
13 verbose parsed url   auth: null,
13 verbose parsed url   host: null,
13 verbose parsed url   port: null,
13 verbose parsed url   hostname: null,
13 verbose parsed url   hash: null,
13 verbose parsed url   search: null,
13 verbose parsed url   query: null,
13 verbose parsed url   pathname: 'grunt-contrib-clean@~0.5.0',
13 verbose parsed url   path: 'grunt-contrib-clean@~0.5.0',
13 verbose parsed url   href: 'grunt-contrib-clean@~0.5.0' }
14 verbose cache add [ 'grunt-contrib-jshint@~0.6.3', null ]
15 verbose cache add name=undefined spec="grunt-contrib-jshint@~0.6.3" args=["grunt-contrib-jshint@~0.6.3",null]
16 verbose parsed url { protocol: null,
16 verbose parsed url   slashes: null,
16 verbose parsed url   auth: null,
16 verbose parsed url   host: null,
16 verbose parsed url   port: null,
16 verbose parsed url   hostname: null,
16 verbose parsed url   hash: null,
16 verbose parsed url   search: null,
16 verbose parsed url   query: null,
16 verbose parsed url   pathname: 'grunt-contrib-jshint@~0.6.3',
16 verbose parsed url   path: 'grunt-contrib-jshint@~0.6.3',
16 verbose parsed url   href: 'grunt-contrib-jshint@~0.6.3' }
17 verbose cache add [ 'grunt-contrib-uglify@~0.2.2', null ]
18 verbose cache add name=undefined spec="grunt-contrib-uglify@~0.2.2" args=["grunt-contrib-uglify@~0.2.2",null]
19 verbose parsed url { protocol: null,
19 verbose parsed url   slashes: null,
19 verbose parsed url   auth: null,
19 verbose parsed url   host: null,
19 verbose parsed url   port: null,
19 verbose parsed url   hostname: null,
19 verbose parsed url   hash: null,
19 verbose parsed url   search: null,
19 verbose parsed url   query: null,
19 verbose parsed url   pathname: 'grunt-contrib-uglify@~0.2.2',
19 verbose parsed url   path: 'grunt-contrib-uglify@~0.2.2',
19 verbose parsed url   href: 'grunt-contrib-uglify@~0.2.2' }
20 verbose cache add [ 'grunt-contrib-watch@~0.5.2', null ]
21 verbose cache add name=undefined spec="grunt-contrib-watch@~0.5.2" args=["grunt-contrib-watch@~0.5.2",null]
22 verbose parsed url { protocol: null,
22 verbose parsed url   slashes: null,
22 verbose parsed url   auth: null,
22 verbose parsed url   host: null,
22 verbose parsed url   port: null,
22 verbose parsed url   hostname: null,
22 verbose parsed url   hash: null,
22 verbose parsed url   search: null,
22 verbose parsed url   query: null,
22 verbose parsed url   pathname: 'grunt-contrib-watch@~0.5.2',
22 verbose parsed url   path: 'grunt-contrib-watch@~0.5.2',
22 verbose parsed url   href: 'grunt-contrib-watch@~0.5.2' }
23 verbose cache add name="grunt" spec="~0.4.1" args=["grunt","~0.4.1"]
24 verbose parsed url { protocol: null,
24 verbose parsed url   slashes: null,
24 verbose parsed url   auth: null,
24 verbose parsed url   host: null,
24 verbose parsed url   port: null,
24 verbose parsed url   hostname: null,
24 verbose parsed url   hash: null,
24 verbose parsed url   search: null,
24 verbose parsed url   query: null,
24 verbose parsed url   pathname: '~0.4.1',
24 verbose parsed url   path: '~0.4.1',
24 verbose parsed url   href: '~0.4.1' }
25 verbose addNamed [ 'grunt', '~0.4.1' ]
26 verbose addNamed [ null, '>=0.4.1-0 <0.5.0-0' ]
27 verbose cache add name="grunt-contrib-clean" spec="~0.5.0" args=["grunt-contrib-clean","~0.5.0"]
28 verbose parsed url { protocol: null,
28 verbose parsed url   slashes: null,
28 verbose parsed url   auth: null,
28 verbose parsed url   host: null,
28 verbose parsed url   port: null,
28 verbose parsed url   hostname: null,
28 verbose parsed url   hash: null,
28 verbose parsed url   search: null,
28 verbose parsed url   query: null,
28 verbose parsed url   pathname: '~0.5.0',
28 verbose parsed url   path: '~0.5.0',
28 verbose parsed url   href: '~0.5.0' }
29 verbose addNamed [ 'grunt-contrib-clean', '~0.5.0' ]
30 verbose addNamed [ null, '>=0.5.0-0 <0.6.0-0' ]
31 verbose cache add name="grunt-contrib-jshint" spec="~0.6.3" args=["grunt-contrib-jshint","~0.6.3"]
32 verbose parsed url { protocol: null,
32 verbose parsed url   slashes: null,
32 verbose parsed url   auth: null,
32 verbose parsed url   host: null,
32 verbose parsed url   port: null,
32 verbose parsed url   hostname: null,
32 verbose parsed url   hash: null,
32 verbose parsed url   search: null,
32 verbose parsed url   query: null,
32 verbose parsed url   pathname: '~0.6.3',
32 verbose parsed url   path: '~0.6.3',
32 verbose parsed url   href: '~0.6.3' }
33 verbose addNamed [ 'grunt-contrib-jshint', '~0.6.3' ]
34 verbose addNamed [ null, '>=0.6.3-0 <0.7.0-0' ]
35 verbose cache add name="grunt-contrib-uglify" spec="~0.2.2" args=["grunt-contrib-uglify","~0.2.2"]
36 verbose parsed url { protocol: null,
36 verbose parsed url   slashes: null,
36 verbose parsed url   auth: null,
36 verbose parsed url   host: null,
36 verbose parsed url   port: null,
36 verbose parsed url   hostname: null,
36 verbose parsed url   hash: null,
36 verbose parsed url   search: null,
36 verbose parsed url   query: null,
36 verbose parsed url   pathname: '~0.2.2',
36 verbose parsed url   path: '~0.2.2',
36 verbose parsed url   href: '~0.2.2' }
37 verbose addNamed [ 'grunt-contrib-uglify', '~0.2.2' ]
38 verbose addNamed [ null, '>=0.2.2-0 <0.3.0-0' ]
39 verbose cache add name="grunt-contrib-watch" spec="~0.5.2" args=["grunt-contrib-watch","~0.5.2"]
40 verbose parsed url { protocol: null,
40 verbose parsed url   slashes: null,
40 verbose parsed url   auth: null,
40 verbose parsed url   host: null,
40 verbose parsed url   port: null,
40 verbose parsed url   hostname: null,
40 verbose parsed url   hash: null,
40 verbose parsed url   search: null,
40 verbose parsed url   query: null,
40 verbose parsed url   pathname: '~0.5.2',
40 verbose parsed url   path: '~0.5.2',
40 verbose parsed url   href: '~0.5.2' }
41 verbose addNamed [ 'grunt-contrib-watch', '~0.5.2' ]
42 verbose addNamed [ null, '>=0.5.2-0 <0.6.0-0' ]
43 verbose cache add [ 'grunt-recess@~0.3.5', null ]
44 verbose cache add name=undefined spec="grunt-recess@~0.3.5" args=["grunt-recess@~0.3.5",null]
45 verbose parsed url { protocol: null,
45 verbose parsed url   slashes: null,
45 verbose parsed url   auth: null,
45 verbose parsed url   host: null,
45 verbose parsed url   port: null,
45 verbose parsed url   hostname: null,
45 verbose parsed url   hash: null,
45 verbose parsed url   search: null,
45 verbose parsed url   query: null,
45 verbose parsed url   pathname: 'grunt-recess@~0.3.5',
45 verbose parsed url   path: 'grunt-recess@~0.3.5',
45 verbose parsed url   href: 'grunt-recess@~0.3.5' }
46 verbose cache add [ 'grunt-contrib-imagemin@~0.2.0', null ]
47 verbose cache add name=undefined spec="grunt-contrib-imagemin@~0.2.0" args=["grunt-contrib-imagemin@~0.2.0",null]
48 verbose parsed url { protocol: null,
48 verbose parsed url   slashes: null,
48 verbose parsed url   auth: null,
48 verbose parsed url   host: null,
48 verbose parsed url   port: null,
48 verbose parsed url   hostname: null,
48 verbose parsed url   hash: null,
48 verbose parsed url   search: null,
48 verbose parsed url   query: null,
48 verbose parsed url   pathname: 'grunt-contrib-imagemin@~0.2.0',
48 verbose parsed url   path: 'grunt-contrib-imagemin@~0.2.0',
48 verbose parsed url   href: 'grunt-contrib-imagemin@~0.2.0' }
49 verbose cache add [ 'grunt-svgmin@~0.2.0', null ]
50 verbose cache add name=undefined spec="grunt-svgmin@~0.2.0" args=["grunt-svgmin@~0.2.0",null]
51 verbose parsed url { protocol: null,
51 verbose parsed url   slashes: null,
51 verbose parsed url   auth: null,
51 verbose parsed url   host: null,
51 verbose parsed url   port: null,
51 verbose parsed url   hostname: null,
51 verbose parsed url   hash: null,
51 verbose parsed url   search: null,
51 verbose parsed url   query: null,
51 verbose parsed url   pathname: 'grunt-svgmin@~0.2.0',
51 verbose parsed url   path: 'grunt-svgmin@~0.2.0',
51 verbose parsed url   href: 'grunt-svgmin@~0.2.0' }
52 silly lockFile 766a3bd3-grunt-0-4-1 grunt@~0.4.1
53 verbose lock grunt@~0.4.1 /Users/tom/.npm/766a3bd3-grunt-0-4-1.lock
54 silly lockFile 83f743bc-grunt-contrib-clean-0-5-0 grunt-contrib-clean@~0.5.0
55 verbose lock grunt-contrib-clean@~0.5.0 /Users/tom/.npm/83f743bc-grunt-contrib-clean-0-5-0.lock
56 silly lockFile 6f38214b-grunt-contrib-jshint-0-6-3 grunt-contrib-jshint@~0.6.3
57 verbose lock grunt-contrib-jshint@~0.6.3 /Users/tom/.npm/6f38214b-grunt-contrib-jshint-0-6-3.lock
58 silly lockFile deac4dba-grunt-contrib-uglify-0-2-2 grunt-contrib-uglify@~0.2.2
59 verbose lock grunt-contrib-uglify@~0.2.2 /Users/tom/.npm/deac4dba-grunt-contrib-uglify-0-2-2.lock
60 silly lockFile a6069a13-grunt-contrib-watch-0-5-2 grunt-contrib-watch@~0.5.2
61 verbose lock grunt-contrib-watch@~0.5.2 /Users/tom/.npm/a6069a13-grunt-contrib-watch-0-5-2.lock
62 verbose cache add name="grunt-recess" spec="~0.3.5" args=["grunt-recess","~0.3.5"]
63 verbose parsed url { protocol: null,
63 verbose parsed url   slashes: null,
63 verbose parsed url   auth: null,
63 verbose parsed url   host: null,
63 verbose parsed url   port: null,
63 verbose parsed url   hostname: null,
63 verbose parsed url   hash: null,
63 verbose parsed url   search: null,
63 verbose parsed url   query: null,
63 verbose parsed url   pathname: '~0.3.5',
63 verbose parsed url   path: '~0.3.5',
63 verbose parsed url   href: '~0.3.5' }
64 verbose addNamed [ 'grunt-recess', '~0.3.5' ]
65 verbose addNamed [ null, '>=0.3.5-0 <0.4.0-0' ]
66 silly lockFile 708d7cde-grunt-recess-0-3-5 grunt-recess@~0.3.5
67 verbose lock grunt-recess@~0.3.5 /Users/tom/.npm/708d7cde-grunt-recess-0-3-5.lock
68 verbose cache add name="grunt-contrib-imagemin" spec="~0.2.0" args=["grunt-contrib-imagemin","~0.2.0"]
69 verbose parsed url { protocol: null,
69 verbose parsed url   slashes: null,
69 verbose parsed url   auth: null,
69 verbose parsed url   host: null,
69 verbose parsed url   port: null,
69 verbose parsed url   hostname: null,
69 verbose parsed url   hash: null,
69 verbose parsed url   search: null,
69 verbose parsed url   query: null,
69 verbose parsed url   pathname: '~0.2.0',
69 verbose parsed url   path: '~0.2.0',
69 verbose parsed url   href: '~0.2.0' }
70 verbose addNamed [ 'grunt-contrib-imagemin', '~0.2.0' ]
71 verbose addNamed [ null, '>=0.2.0-0 <0.3.0-0' ]
72 silly lockFile 65f7368c-grunt-contrib-imagemin-0-2-0 grunt-contrib-imagemin@~0.2.0
73 verbose lock grunt-contrib-imagemin@~0.2.0 /Users/tom/.npm/65f7368c-grunt-contrib-imagemin-0-2-0.lock
74 verbose cache add name="grunt-svgmin" spec="~0.2.0" args=["grunt-svgmin","~0.2.0"]
75 verbose parsed url { protocol: null,
75 verbose parsed url   slashes: null,
75 verbose parsed url   auth: null,
75 verbose parsed url   host: null,
75 verbose parsed url   port: null,
75 verbose parsed url   hostname: null,
75 verbose parsed url   hash: null,
75 verbose parsed url   search: null,
75 verbose parsed url   query: null,
75 verbose parsed url   pathname: '~0.2.0',
75 verbose parsed url   path: '~0.2.0',
75 verbose parsed url   href: '~0.2.0' }
76 verbose addNamed [ 'grunt-svgmin', '~0.2.0' ]
77 verbose addNamed [ null, '>=0.2.0-0 <0.3.0-0' ]
78 silly lockFile fefef466-grunt-svgmin-0-2-0 grunt-svgmin@~0.2.0
79 verbose lock grunt-svgmin@~0.2.0 /Users/tom/.npm/fefef466-grunt-svgmin-0-2-0.lock
80 silly addNameRange { name: 'grunt-contrib-clean',
80 silly addNameRange   range: '>=0.5.0-0 <0.6.0-0',
80 silly addNameRange   hasData: false }
81 silly addNameRange { name: 'grunt', range: '>=0.4.1-0 <0.5.0-0', hasData: false }
82 silly addNameRange { name: 'grunt-contrib-jshint',
82 silly addNameRange   range: '>=0.6.3-0 <0.7.0-0',
82 silly addNameRange   hasData: false }
83 silly addNameRange { name: 'grunt-contrib-uglify',
83 silly addNameRange   range: '>=0.2.2-0 <0.3.0-0',
83 silly addNameRange   hasData: false }
84 silly addNameRange { name: 'grunt-contrib-watch',
84 silly addNameRange   range: '>=0.5.2-0 <0.6.0-0',
84 silly addNameRange   hasData: false }
85 silly addNameRange { name: 'grunt-recess',
85 silly addNameRange   range: '>=0.3.5-0 <0.4.0-0',
85 silly addNameRange   hasData: false }
86 silly addNameRange { name: 'grunt-contrib-imagemin',
86 silly addNameRange   range: '>=0.2.0-0 <0.3.0-0',
86 silly addNameRange   hasData: false }
87 silly addNameRange { name: 'grunt-svgmin',
87 silly addNameRange   range: '>=0.2.0-0 <0.3.0-0',
87 silly addNameRange   hasData: false }
88 verbose request where is /grunt-contrib-clean
89 verbose request registry https://registry.npmjs.org/
90 verbose request id 07664a4c8f227f0e
91 verbose url raw /grunt-contrib-clean
92 verbose url resolving [ 'https://registry.npmjs.org/', './grunt-contrib-clean' ]
93 verbose url resolved https://registry.npmjs.org/grunt-contrib-clean
94 verbose request where is https://registry.npmjs.org/grunt-contrib-clean
95 info trying registry request attempt 1 at 16:58:49
96 http GET https://registry.npmjs.org/grunt-contrib-clean
97 verbose request where is /grunt-contrib-jshint
98 verbose request registry https://registry.npmjs.org/
99 verbose url raw /grunt-contrib-jshint
100 verbose url resolving [ 'https://registry.npmjs.org/', './grunt-contrib-jshint' ]
101 verbose url resolved https://registry.npmjs.org/grunt-contrib-jshint
102 verbose request where is https://registry.npmjs.org/grunt-contrib-jshint
103 info trying registry request attempt 1 at 16:58:49
104 http GET https://registry.npmjs.org/grunt-contrib-jshint
105 verbose request where is /grunt-contrib-uglify
106 verbose request registry https://registry.npmjs.org/
107 verbose url raw /grunt-contrib-uglify
108 verbose url resolving [ 'https://registry.npmjs.org/', './grunt-contrib-uglify' ]
109 verbose url resolved https://registry.npmjs.org/grunt-contrib-uglify
110 verbose request where is https://registry.npmjs.org/grunt-contrib-uglify
111 info trying registry request attempt 1 at 16:58:49
112 http GET https://registry.npmjs.org/grunt-contrib-uglify
113 verbose request where is /grunt-recess
114 verbose request registry https://registry.npmjs.org/
115 verbose url raw /grunt-recess
116 verbose url resolving [ 'https://registry.npmjs.org/', './grunt-recess' ]
117 verbose url resolved https://registry.npmjs.org/grunt-recess
118 verbose request where is https://registry.npmjs.org/grunt-recess
119 info trying registry request attempt 1 at 16:58:49
120 http GET https://registry.npmjs.org/grunt-recess
121 verbose request where is /grunt-contrib-imagemin
122 verbose request registry https://registry.npmjs.org/
123 verbose url raw /grunt-contrib-imagemin
124 verbose url resolving [ 'https://registry.npmjs.org/', './grunt-contrib-imagemin' ]
125 verbose url resolved https://registry.npmjs.org/grunt-contrib-imagemin
126 verbose request where is https://registry.npmjs.org/grunt-contrib-imagemin
127 info trying registry request attempt 1 at 16:58:49
128 http GET https://registry.npmjs.org/grunt-contrib-imagemin
129 verbose request where is /grunt-svgmin
130 verbose request registry https://registry.npmjs.org/
131 verbose url raw /grunt-svgmin
132 verbose url resolving [ 'https://registry.npmjs.org/', './grunt-svgmin' ]
133 verbose url resolved https://registry.npmjs.org/grunt-svgmin
134 verbose request where is https://registry.npmjs.org/grunt-svgmin
135 info trying registry request attempt 1 at 16:58:49
136 http GET https://registry.npmjs.org/grunt-svgmin
137 verbose request where is /grunt
138 verbose request registry https://registry.npmjs.org/
139 verbose url raw /grunt
140 verbose url resolving [ 'https://registry.npmjs.org/', './grunt' ]
141 verbose url resolved https://registry.npmjs.org/grunt
142 verbose request where is https://registry.npmjs.org/grunt
143 info trying registry request attempt 1 at 16:58:50
144 verbose etag "AV79A7HZV1X0OMWMYKMYZ2YU"
145 http GET https://registry.npmjs.org/grunt
146 verbose request where is /grunt-contrib-watch
147 verbose request registry https://registry.npmjs.org/
148 verbose url raw /grunt-contrib-watch
149 verbose url resolving [ 'https://registry.npmjs.org/', './grunt-contrib-watch' ]
150 verbose url resolved https://registry.npmjs.org/grunt-contrib-watch
151 verbose request where is https://registry.npmjs.org/grunt-contrib-watch
152 info trying registry request attempt 1 at 16:58:50
153 verbose etag "8FX5BFSJMTWZIV02TAS872466"
154 http GET https://registry.npmjs.org/grunt-contrib-watch
155 http 200 https://registry.npmjs.org/grunt-contrib-clean
156 silly registry.get cb [ 200,
156 silly registry.get   { date: 'Fri, 20 Feb 2015 16:58:49 GMT',
156 silly registry.get     server: 'CouchDB/1.5.0 (Erlang OTP/R16B03)',
156 silly registry.get     etag: '"6BJZZTQTNQINWKVASOU9LFXBD"',
156 silly registry.get     'content-type': 'application/json',
156 silly registry.get     'cache-control': 'max-age=60',
156 silly registry.get     'content-length': '23570',
156 silly registry.get     'accept-ranges': 'bytes',
156 silly registry.get     via: '1.1 varnish',
156 silly registry.get     age: '5',
156 silly registry.get     'x-served-by': 'cache-ams4126-AMS',
156 silly registry.get     'x-cache': 'HIT',
156 silly registry.get     'x-cache-hits': '1',
156 silly registry.get     'x-timer': 'S1424451529.987463,VS0,VE0',
156 silly registry.get     vary: 'Accept',
156 silly registry.get     'keep-alive': 'timeout=10, max=50',
156 silly registry.get     connection: 'Keep-Alive' } ]
157 silly addNameRange number 2 { name: 'grunt-contrib-clean',
157 silly addNameRange   range: '>=0.5.0-0 <0.6.0-0',
157 silly addNameRange   hasData: true }
158 silly addNameRange versions [ 'grunt-contrib-clean',
158 silly addNameRange   [ '0.1.0',
158 silly addNameRange     '0.2.0',
158 silly addNameRange     '0.3.0',
158 silly addNameRange     '0.3.1',
158 silly addNameRange     '0.3.2',
158 silly addNameRange     '0.4.0',
158 silly addNameRange     '0.4.1',
158 silly addNameRange     '0.5.0',
158 silly addNameRange     '0.6.0',
158 silly addNameRange     '0.4.0-a',
158 silly addNameRange     '0.4.0-rc5',
158 silly addNameRange     '0.4.0-rc6' ] ]
159 verbose addNamed [ 'grunt-contrib-clean', '0.5.0' ]
160 verbose addNamed [ '0.5.0', '0.5.0' ]
161 silly lockFile 9e0b1814-grunt-contrib-clean-0-5-0 grunt-contrib-clean@0.5.0
162 verbose lock grunt-contrib-clean@0.5.0 /Users/tom/.npm/9e0b1814-grunt-contrib-clean-0-5-0.lock
163 silly lockFile 64ec8237-an-grunt-contrib-clean-0-5-0-tgz https://registry.npmjs.org/grunt-contrib-clean/-/grunt-contrib-clean-0.5.0.tgz
164 verbose lock https://registry.npmjs.org/grunt-contrib-clean/-/grunt-contrib-clean-0.5.0.tgz /Users/tom/.npm/64ec8237-an-grunt-contrib-clean-0-5-0-tgz.lock
165 verbose addRemoteTarball [ 'https://registry.npmjs.org/grunt-contrib-clean/-/grunt-contrib-clean-0.5.0.tgz',
165 verbose addRemoteTarball   'f53dfdee0849b1c7b40e9ebbba69f48c4c6079c5' ]
166 info retry fetch attempt 1 at 16:58:50
167 verbose fetch to= /var/folders/rj/mt8t1vgx4f14qlmlmgcp3gqr0000gp/T/npm-41217-hhJtcOGL/registry.npmjs.org/grunt-contrib-clean/-/grunt-contrib-clean-0.5.0.tgz
168 http GET https://registry.npmjs.org/grunt-contrib-clean/-/grunt-contrib-clean-0.5.0.tgz
169 http 200 https://registry.npmjs.org/grunt-contrib-jshint
170 silly registry.get cb [ 200,
170 silly registry.get   { date: 'Fri, 20 Feb 2015 16:58:49 GMT',
170 silly registry.get     server: 'CouchDB/1.5.0 (Erlang OTP/R16B03)',
170 silly registry.get     etag: '"9WKT6JI425NFRAA423U4QL4YC"',
170 silly registry.get     'content-type': 'application/json',
170 silly registry.get     'cache-control': 'max-age=60',
170 silly registry.get     'content-length': '55166',
170 silly registry.get     'accept-ranges': 'bytes',
170 silly registry.get     via: '1.1 varnish',
170 silly registry.get     age: '25',
170 silly registry.get     'x-served-by': 'cache-ams4124-AMS',
170 silly registry.get     'x-cache': 'HIT',
170 silly registry.get     'x-cache-hits': '1',
170 silly registry.get     'x-timer': 'S1424451529.978377,VS0,VE0',
170 silly registry.get     vary: 'Accept',
170 silly registry.get     'keep-alive': 'timeout=10, max=50',
170 silly registry.get     connection: 'Keep-Alive' } ]
171 silly addNameRange number 2 { name: 'grunt-contrib-jshint',
171 silly addNameRange   range: '>=0.6.3-0 <0.7.0-0',
171 silly addNameRange   hasData: true }
172 silly addNameRange versions [ 'grunt-contrib-jshint',
172 silly addNameRange   [ '0.1.0',
172 silly addNameRange     '0.1.1',
172 silly addNameRange     '0.2.0',
172 silly addNameRange     '0.3.0',
172 silly addNameRange     '0.4.0',
172 silly addNameRange     '0.4.1',
172 silly addNameRange     '0.4.2',
172 silly addNameRange     '0.4.3',
172 silly addNameRange     '0.5.0',
172 silly addNameRange     '0.5.1',
172 silly addNameRange     '0.5.2',
172 silly addNameRange     '0.5.3',
172 silly addNameRange     '0.5.4',
172 silly addNameRange     '0.6.0',
172 silly addNameRange     '0.6.1',
172 silly addNameRange     '0.6.2',
172 silly addNameRange     '0.6.3',
172 silly addNameRange     '0.6.4',
172 silly addNameRange     '0.6.5',
172 silly addNameRange     '0.7.0',
172 silly addNameRange     '0.7.1',
172 silly addNameRange     '0.7.2',
172 silly addNameRange     '0.8.0',
172 silly addNameRange     '0.9.0',
172 silly addNameRange     '0.9.1',
172 silly addNameRange     '0.9.2',
172 silly addNameRange     '0.10.0',
172 silly addNameRange     '0.11.0',
172 silly addNameRange     '0.1.1-rc5',
172 silly addNameRange     '0.1.1-rc6' ] ]
173 verbose addNamed [ 'grunt-contrib-jshint', '0.6.5' ]
174 verbose addNamed [ '0.6.5', '0.6.5' ]
175 silly lockFile d0b3f61f-grunt-contrib-jshint-0-6-5 grunt-contrib-jshint@0.6.5
176 verbose lock grunt-contrib-jshint@0.6.5 /Users/tom/.npm/d0b3f61f-grunt-contrib-jshint-0-6-5.lock
177 silly lockFile cafed715-t-grunt-contrib-jshint-0-6-5-tgz https://registry.npmjs.org/grunt-contrib-jshint/-/grunt-contrib-jshint-0.6.5.tgz
178 verbose lock https://registry.npmjs.org/grunt-contrib-jshint/-/grunt-contrib-jshint-0.6.5.tgz /Users/tom/.npm/cafed715-t-grunt-contrib-jshint-0-6-5-tgz.lock
179 verbose addRemoteTarball [ 'https://registry.npmjs.org/grunt-contrib-jshint/-/grunt-contrib-jshint-0.6.5.tgz',
179 verbose addRemoteTarball   '3afb4676745364cc4a19eee7934c0e06008b566e' ]
180 info retry fetch attempt 1 at 16:58:50
181 verbose fetch to= /var/folders/rj/mt8t1vgx4f14qlmlmgcp3gqr0000gp/T/npm-41217-hhJtcOGL/registry.npmjs.org/grunt-contrib-jshint/-/grunt-contrib-jshint-0.6.5.tgz
182 http GET https://registry.npmjs.org/grunt-contrib-jshint/-/grunt-contrib-jshint-0.6.5.tgz
183 http 200 https://registry.npmjs.org/grunt-svgmin
184 silly registry.get cb [ 200,
184 silly registry.get   { date: 'Fri, 20 Feb 2015 16:58:50 GMT',
184 silly registry.get     server: 'CouchDB/1.6.1 (Erlang OTP/R14B04)',
184 silly registry.get     etag: '"EKU90736OA3TCTKP01XEWN2Q5"',
184 silly registry.get     'content-type': 'application/json',
184 silly registry.get     'cache-control': 'max-age=60',
184 silly registry.get     'content-length': '13092',
184 silly registry.get     'accept-ranges': 'bytes',
184 silly registry.get     via: '1.1 varnish',
184 silly registry.get     age: '55',
184 silly registry.get     'x-served-by': 'cache-ams4126-AMS',
184 silly registry.get     'x-cache': 'HIT',
184 silly registry.get     'x-cache-hits': '1',
184 silly registry.get     'x-timer': 'S1424451530.097860,VS0,VE0',
184 silly registry.get     vary: 'Accept',
184 silly registry.get     'keep-alive': 'timeout=10, max=49',
184 silly registry.get     connection: 'Keep-Alive' } ]
185 silly addNameRange number 2 { name: 'grunt-svgmin',
185 silly addNameRange   range: '>=0.2.0-0 <0.3.0-0',
185 silly addNameRange   hasData: true }
186 silly addNameRange versions [ 'grunt-svgmin',
186 silly addNameRange   [ '0.1.0',
186 silly addNameRange     '0.2.0',
186 silly addNameRange     '0.2.1',
186 silly addNameRange     '0.3.0',
186 silly addNameRange     '0.3.1',
186 silly addNameRange     '0.4.0',
186 silly addNameRange     '1.0.0',
186 silly addNameRange     '2.0.0' ] ]
187 verbose addNamed [ 'grunt-svgmin', '0.2.1' ]
188 verbose addNamed [ '0.2.1', '0.2.1' ]
189 silly lockFile e956da0c-grunt-svgmin-0-2-1 grunt-svgmin@0.2.1
190 verbose lock grunt-svgmin@0.2.1 /Users/tom/.npm/e956da0c-grunt-svgmin-0-2-1.lock
191 silly lockFile 0f198b7d-nt-svgmin-grunt-svgmin-0-2-1-tgz https://registry.npmjs.org/grunt-svgmin/-/grunt-svgmin-0.2.1.tgz
192 verbose lock https://registry.npmjs.org/grunt-svgmin/-/grunt-svgmin-0.2.1.tgz /Users/tom/.npm/0f198b7d-nt-svgmin-grunt-svgmin-0-2-1-tgz.lock
193 verbose addRemoteTarball [ 'https://registry.npmjs.org/grunt-svgmin/-/grunt-svgmin-0.2.1.tgz',
193 verbose addRemoteTarball   'fedd0ab15e2d1805b89f594568ced01642f338dc' ]
194 info retry fetch attempt 1 at 16:58:50
195 verbose fetch to= /var/folders/rj/mt8t1vgx4f14qlmlmgcp3gqr0000gp/T/npm-41217-hhJtcOGL/registry.npmjs.org/grunt-svgmin/-/grunt-svgmin-0.2.1.tgz
196 http GET https://registry.npmjs.org/grunt-svgmin/-/grunt-svgmin-0.2.1.tgz
197 http 200 https://registry.npmjs.org/grunt-contrib-uglify
198 silly registry.get cb [ 200,
198 silly registry.get   { date: 'Fri, 20 Feb 2015 16:58:49 GMT',
198 silly registry.get     server: 'CouchDB/1.5.0 (Erlang OTP/R16B03)',
198 silly registry.get     etag: '"9D8MYFRZGQM50SIWPV5PCNCTQ"',
198 silly registry.get     'content-type': 'application/json',
198 silly registry.get     'cache-control': 'max-age=60',
198 silly registry.get     'content-length': '58535',
198 silly registry.get     'accept-ranges': 'bytes',
198 silly registry.get     via: '1.1 varnish',
198 silly registry.get     age: '5',
198 silly registry.get     'x-served-by': 'cache-ams4120-AMS',
198 silly registry.get     'x-cache': 'HIT',
198 silly registry.get     'x-cache-hits': '1',
198 silly registry.get     'x-timer': 'S1424451529.988714,VS0,VE0',
198 silly registry.get     vary: 'Accept',
198 silly registry.get     'keep-alive': 'timeout=10, max=50',
198 silly registry.get     connection: 'Keep-Alive' } ]
199 silly addNameRange number 2 { name: 'grunt-contrib-uglify',
199 silly addNameRange   range: '>=0.2.2-0 <0.3.0-0',
199 silly addNameRange   hasData: true }
200 silly addNameRange versions [ 'grunt-contrib-uglify',
200 silly addNameRange   [ '0.1.0',
200 silly addNameRange     '0.1.1',
200 silly addNameRange     '0.1.2',
200 silly addNameRange     '0.2.0',
200 silly addNameRange     '0.2.1',
200 silly addNameRange     '0.2.2',
200 silly addNameRange     '0.2.3',
200 silly addNameRange     '0.2.4',
200 silly addNameRange     '0.2.5',
200 silly addNameRange     '0.2.6',
200 silly addNameRange     '0.2.7',
200 silly addNameRange     '0.3.0',
200 silly addNameRange     '0.3.1',
200 silly addNameRange     '0.1.1-rc5',
200 silly addNameRange     '0.1.1-rc6',
200 silly addNameRange     '0.3.2',
200 silly addNameRange     '0.3.3',
200 silly addNameRange     '0.4.0',
200 silly addNameRange     '0.5.0',
200 silly addNameRange     '0.4.1',
200 silly addNameRange     '0.5.1',
200 silly addNameRange     '0.6.0',
200 silly addNameRange     '0.7.0',
200 silly addNameRange     '0.8.0' ] ]
201 verbose addNamed [ 'grunt-contrib-uglify', '0.2.7' ]
202 verbose addNamed [ '0.2.7', '0.2.7' ]
203 silly lockFile 480328f6-grunt-contrib-uglify-0-2-7 grunt-contrib-uglify@0.2.7
204 verbose lock grunt-contrib-uglify@0.2.7 /Users/tom/.npm/480328f6-grunt-contrib-uglify-0-2-7.lock
205 silly lockFile 90f282d3-y-grunt-contrib-uglify-0-2-7-tgz https://registry.npmjs.org/grunt-contrib-uglify/-/grunt-contrib-uglify-0.2.7.tgz
206 verbose lock https://registry.npmjs.org/grunt-contrib-uglify/-/grunt-contrib-uglify-0.2.7.tgz /Users/tom/.npm/90f282d3-y-grunt-contrib-uglify-0-2-7-tgz.lock
207 verbose addRemoteTarball [ 'https://registry.npmjs.org/grunt-contrib-uglify/-/grunt-contrib-uglify-0.2.7.tgz',
207 verbose addRemoteTarball   'e6bda51e0c40a1459f6cead423c65efd725a1bf7' ]
208 info retry fetch attempt 1 at 16:58:50
209 verbose fetch to= /var/folders/rj/mt8t1vgx4f14qlmlmgcp3gqr0000gp/T/npm-41217-hhJtcOGL/registry.npmjs.org/grunt-contrib-uglify/-/grunt-contrib-uglify-0.2.7.tgz
210 http GET https://registry.npmjs.org/grunt-contrib-uglify/-/grunt-contrib-uglify-0.2.7.tgz
211 http 200 https://registry.npmjs.org/grunt-contrib-imagemin
212 silly registry.get cb [ 200,
212 silly registry.get   { date: 'Fri, 20 Feb 2015 16:58:49 GMT',
212 silly registry.get     server: 'CouchDB/1.5.0 (Erlang OTP/R16B03)',
212 silly registry.get     etag: '"BMNYN3GIT1G212AZXOJ72JVYA"',
212 silly registry.get     'content-type': 'application/json',
212 silly registry.get     'cache-control': 'max-age=60',
212 silly registry.get     'content-length': '54011',
212 silly registry.get     'accept-ranges': 'bytes',
212 silly registry.get     via: '1.1 varnish',
212 silly registry.get     age: '25',
212 silly registry.get     'x-served-by': 'cache-ams4122-AMS',
212 silly registry.get     'x-cache': 'HIT',
212 silly registry.get     'x-cache-hits': '1',
212 silly registry.get     'x-timer': 'S1424451529.991500,VS0,VE0',
212 silly registry.get     vary: 'Accept',
212 silly registry.get     'keep-alive': 'timeout=10, max=50',
212 silly registry.get     connection: 'Keep-Alive' } ]
213 silly addNameRange number 2 { name: 'grunt-contrib-imagemin',
213 silly addNameRange   range: '>=0.2.0-0 <0.3.0-0',
213 silly addNameRange   hasData: true }
214 silly addNameRange versions [ 'grunt-contrib-imagemin',
214 silly addNameRange   [ '0.1.0',
214 silly addNameRange     '0.1.1',
214 silly addNameRange     '0.1.2',
214 silly addNameRange     '0.1.3',
214 silly addNameRange     '0.1.4',
214 silly addNameRange     '0.1.1-rc7',
214 silly addNameRange     '0.1.1-rc8',
214 silly addNameRange     '0.2.0',
214 silly addNameRange     '0.2.1',
214 silly addNameRange     '0.3.0',
214 silly addNameRange     '0.4.0',
214 silly addNameRange     '0.4.1',
214 silly addNameRange     '0.5.0',
214 silly addNameRange     '0.6.0',
214 silly addNameRange     '0.6.1',
214 silly addNameRange     '0.7.0',
214 silly addNameRange     '0.7.1',
214 silly addNameRange     '0.7.2',
214 silly addNameRange     '0.8.0',
214 silly addNameRange     '0.8.1',
214 silly addNameRange     '0.9.0',
214 silly addNameRange     '0.9.1',
214 silly addNameRange     '0.9.2',
214 silly addNameRange     '0.9.3' ] ]
215 verbose addNamed [ 'grunt-contrib-imagemin', '0.2.1' ]
216 verbose addNamed [ '0.2.1', '0.2.1' ]
217 silly lockFile c4800b2c-grunt-contrib-imagemin-0-2-1 grunt-contrib-imagemin@0.2.1
218 verbose lock grunt-contrib-imagemin@0.2.1 /Users/tom/.npm/c4800b2c-grunt-contrib-imagemin-0-2-1.lock
219 silly lockFile 8b630d7c-grunt-contrib-imagemin-0-2-1-tgz https://registry.npmjs.org/grunt-contrib-imagemin/-/grunt-contrib-imagemin-0.2.1.tgz
220 verbose lock https://registry.npmjs.org/grunt-contrib-imagemin/-/grunt-contrib-imagemin-0.2.1.tgz /Users/tom/.npm/8b630d7c-grunt-contrib-imagemin-0-2-1-tgz.lock
221 verbose addRemoteTarball [ 'https://registry.npmjs.org/grunt-contrib-imagemin/-/grunt-contrib-imagemin-0.2.1.tgz',
221 verbose addRemoteTarball   'a7a36010e0a7200d9146016bda4ffa3507be189b' ]
222 info retry fetch attempt 1 at 16:58:50
223 verbose fetch to= /var/folders/rj/mt8t1vgx4f14qlmlmgcp3gqr0000gp/T/npm-41217-hhJtcOGL/registry.npmjs.org/grunt-contrib-imagemin/-/grunt-contrib-imagemin-0.2.1.tgz
224 http GET https://registry.npmjs.org/grunt-contrib-imagemin/-/grunt-contrib-imagemin-0.2.1.tgz
225 http 200 https://registry.npmjs.org/grunt-contrib-watch
226 silly registry.get cb [ 200,
226 silly registry.get   { date: 'Fri, 20 Feb 2015 16:58:50 GMT',
226 silly registry.get     server: 'CouchDB/1.5.0 (Erlang OTP/R16B03)',
226 silly registry.get     etag: '"95HYAJRDZDU0TVHJDBNCA545U"',
226 silly registry.get     'content-type': 'application/json',
226 silly registry.get     'cache-control': 'max-age=60',
226 silly registry.get     'content-length': '60099',
226 silly registry.get     'accept-ranges': 'bytes',
226 silly registry.get     via: '1.1 varnish',
226 silly registry.get     age: '5',
226 silly registry.get     'x-served-by': 'cache-ams4126-AMS',
226 silly registry.get     'x-cache': 'HIT',
226 silly registry.get     'x-cache-hits': '1',
226 silly registry.get     'x-timer': 'S1424451530.190154,VS0,VE0',
226 silly registry.get     vary: 'Accept',
226 silly registry.get     'keep-alive': 'timeout=10, max=48',
226 silly registry.get     connection: 'Keep-Alive' } ]
227 http 200 https://registry.npmjs.org/grunt-contrib-clean/-/grunt-contrib-clean-0.5.0.tgz
228 silly addNameRange number 2 { name: 'grunt-contrib-watch',
228 silly addNameRange   range: '>=0.5.2-0 <0.6.0-0',
228 silly addNameRange   hasData: true }
229 silly addNameRange versions [ 'grunt-contrib-watch',
229 silly addNameRange   [ '0.1.0',
229 silly addNameRange     '0.1.1',
229 silly addNameRange     '0.1.2',
229 silly addNameRange     '0.1.3',
229 silly addNameRange     '0.1.4',
229 silly addNameRange     '0.2.0',
229 silly addNameRange     '0.3.0',
229 silly addNameRange     '0.3.1',
229 silly addNameRange     '0.4.0',
229 silly addNameRange     '0.4.1',
229 silly addNameRange     '0.4.2',
229 silly addNameRange     '0.4.3',
229 silly addNameRange     '0.4.4',
229 silly addNameRange     '0.5.0',
229 silly addNameRange     '0.5.1',
229 silly addNameRange     '0.5.2',
229 silly addNameRange     '0.5.3',
229 silly addNameRange     '0.6.0',
229 silly addNameRange     '0.6.1',
229 silly addNameRange     '0.2.0-a',
229 silly addNameRange     '0.2.0-rc5',
229 silly addNameRange     '0.2.0-rc7' ] ]
230 verbose addNamed [ 'grunt-contrib-watch', '0.5.3' ]
231 verbose addNamed [ '0.5.3', '0.5.3' ]
232 silly lockFile d70d7cec-grunt-contrib-watch-0-5-3 grunt-contrib-watch@0.5.3
233 verbose lock grunt-contrib-watch@0.5.3 /Users/tom/.npm/d70d7cec-grunt-contrib-watch-0-5-3.lock
234 silly lockFile 5dca6013-ch-grunt-contrib-watch-0-5-3-tgz https://registry.npmjs.org/grunt-contrib-watch/-/grunt-contrib-watch-0.5.3.tgz
235 verbose lock https://registry.npmjs.org/grunt-contrib-watch/-/grunt-contrib-watch-0.5.3.tgz /Users/tom/.npm/5dca6013-ch-grunt-contrib-watch-0-5-3-tgz.lock
236 verbose addRemoteTarball [ 'https://registry.npmjs.org/grunt-contrib-watch/-/grunt-contrib-watch-0.5.3.tgz',
236 verbose addRemoteTarball   '7d9eb5465d506fa14faaca47e6e8790a82c1c9ee' ]
237 info retry fetch attempt 1 at 16:58:50
238 verbose fetch to= /var/folders/rj/mt8t1vgx4f14qlmlmgcp3gqr0000gp/T/npm-41217-hhJtcOGL/registry.npmjs.org/grunt-contrib-watch/-/grunt-contrib-watch-0.5.3.tgz
239 http GET https://registry.npmjs.org/grunt-contrib-watch/-/grunt-contrib-watch-0.5.3.tgz
240 silly lockFile 64ec8237-an-grunt-contrib-clean-0-5-0-tgz https://registry.npmjs.org/grunt-contrib-clean/-/grunt-contrib-clean-0.5.0.tgz
241 silly lockFile 64ec8237-an-grunt-contrib-clean-0-5-0-tgz https://registry.npmjs.org/grunt-contrib-clean/-/grunt-contrib-clean-0.5.0.tgz
242 silly lockFile 9e0b1814-grunt-contrib-clean-0-5-0 grunt-contrib-clean@0.5.0
243 silly lockFile 9e0b1814-grunt-contrib-clean-0-5-0 grunt-contrib-clean@0.5.0
244 silly lockFile 83f743bc-grunt-contrib-clean-0-5-0 grunt-contrib-clean@~0.5.0
245 silly lockFile 83f743bc-grunt-contrib-clean-0-5-0 grunt-contrib-clean@~0.5.0
246 http 200 https://registry.npmjs.org/grunt-recess
247 silly registry.get cb [ 200,
247 silly registry.get   { date: 'Fri, 20 Feb 2015 16:58:50 GMT',
247 silly registry.get     server: 'CouchDB/1.5.0 (Erlang OTP/R16B03)',
247 silly registry.get     etag: '"9IC3S1YIWJ3WJ6NEE0UOJS1QN"',
247 silly registry.get     'content-type': 'application/json',
247 silly registry.get     'cache-control': 'max-age=60',
247 silly registry.get     'content-length': '24627',
247 silly registry.get     'accept-ranges': 'bytes',
247 silly registry.get     via: '1.1 varnish',
247 silly registry.get     age: '0',
247 silly registry.get     'x-served-by': 'cache-ams4130-AMS',
247 silly registry.get     'x-cache': 'HIT',
247 silly registry.get     'x-cache-hits': '1',
247 silly registry.get     'x-timer': 'S1424451529.981007,VS0,VE372',
247 silly registry.get     vary: 'Accept',
247 silly registry.get     'keep-alive': 'timeout=10, max=50',
247 silly registry.get     connection: 'Keep-Alive' } ]
248 http 200 https://registry.npmjs.org/grunt-contrib-jshint/-/grunt-contrib-jshint-0.6.5.tgz
249 silly addNameRange number 2 { name: 'grunt-recess',
249 silly addNameRange   range: '>=0.3.5-0 <0.4.0-0',
249 silly addNameRange   hasData: true }
250 silly addNameRange versions [ 'grunt-recess',
250 silly addNameRange   [ '0.1.0',
250 silly addNameRange     '0.1.1',
250 silly addNameRange     '0.1.2',
250 silly addNameRange     '0.1.3',
250 silly addNameRange     '0.1.4',
250 silly addNameRange     '0.2.0',
250 silly addNameRange     '0.3.0',
250 silly addNameRange     '0.3.1',
250 silly addNameRange     '0.3.2',
250 silly addNameRange     '0.3.3',
250 silly addNameRange     '0.3.4',
250 silly addNameRange     '0.3.5',
250 silly addNameRange     '0.4.0',
250 silly addNameRange     '0.5.0',
250 silly addNameRange     '0.5.1',
250 silly addNameRange     '0.6.0',
250 silly addNameRange     '0.6.1',
250 silly addNameRange     '0.7.0',
250 silly addNameRange     '1.0.0' ] ]
251 verbose addNamed [ 'grunt-recess', '0.3.5' ]
252 verbose addNamed [ '0.3.5', '0.3.5' ]
253 silly lockFile d46bebc3-grunt-recess-0-3-5 grunt-recess@0.3.5
254 verbose lock grunt-recess@0.3.5 /Users/tom/.npm/d46bebc3-grunt-recess-0-3-5.lock
255 silly lockFile 3ade3ad5-nt-recess-grunt-recess-0-3-5-tgz https://registry.npmjs.org/grunt-recess/-/grunt-recess-0.3.5.tgz
256 verbose lock https://registry.npmjs.org/grunt-recess/-/grunt-recess-0.3.5.tgz /Users/tom/.npm/3ade3ad5-nt-recess-grunt-recess-0-3-5-tgz.lock
257 verbose addRemoteTarball [ 'https://registry.npmjs.org/grunt-recess/-/grunt-recess-0.3.5.tgz',
257 verbose addRemoteTarball   'e70f1b00a3ebb0835414bb0f6f0b8c2f4d71ac83' ]
258 info retry fetch attempt 1 at 16:58:50
259 verbose fetch to= /var/folders/rj/mt8t1vgx4f14qlmlmgcp3gqr0000gp/T/npm-41217-hhJtcOGL/registry.npmjs.org/grunt-recess/-/grunt-recess-0.3.5.tgz
260 http GET https://registry.npmjs.org/grunt-recess/-/grunt-recess-0.3.5.tgz
261 http 200 https://registry.npmjs.org/grunt-contrib-uglify/-/grunt-contrib-uglify-0.2.7.tgz
262 http 200 https://registry.npmjs.org/grunt-svgmin/-/grunt-svgmin-0.2.1.tgz
263 silly lockFile 0f198b7d-nt-svgmin-grunt-svgmin-0-2-1-tgz https://registry.npmjs.org/grunt-svgmin/-/grunt-svgmin-0.2.1.tgz
264 silly lockFile 0f198b7d-nt-svgmin-grunt-svgmin-0-2-1-tgz https://registry.npmjs.org/grunt-svgmin/-/grunt-svgmin-0.2.1.tgz
265 silly lockFile e956da0c-grunt-svgmin-0-2-1 grunt-svgmin@0.2.1
266 silly lockFile e956da0c-grunt-svgmin-0-2-1 grunt-svgmin@0.2.1
267 silly lockFile fefef466-grunt-svgmin-0-2-0 grunt-svgmin@~0.2.0
268 silly lockFile fefef466-grunt-svgmin-0-2-0 grunt-svgmin@~0.2.0
269 silly lockFile cafed715-t-grunt-contrib-jshint-0-6-5-tgz https://registry.npmjs.org/grunt-contrib-jshint/-/grunt-contrib-jshint-0.6.5.tgz
270 silly lockFile cafed715-t-grunt-contrib-jshint-0-6-5-tgz https://registry.npmjs.org/grunt-contrib-jshint/-/grunt-contrib-jshint-0.6.5.tgz
271 silly lockFile d0b3f61f-grunt-contrib-jshint-0-6-5 grunt-contrib-jshint@0.6.5
272 silly lockFile d0b3f61f-grunt-contrib-jshint-0-6-5 grunt-contrib-jshint@0.6.5
273 silly lockFile 6f38214b-grunt-contrib-jshint-0-6-3 grunt-contrib-jshint@~0.6.3
274 silly lockFile 6f38214b-grunt-contrib-jshint-0-6-3 grunt-contrib-jshint@~0.6.3
275 http 200 https://registry.npmjs.org/grunt-contrib-imagemin/-/grunt-contrib-imagemin-0.2.1.tgz
276 silly lockFile 8b630d7c-grunt-contrib-imagemin-0-2-1-tgz https://registry.npmjs.org/grunt-contrib-imagemin/-/grunt-contrib-imagemin-0.2.1.tgz
277 silly lockFile 8b630d7c-grunt-contrib-imagemin-0-2-1-tgz https://registry.npmjs.org/grunt-contrib-imagemin/-/grunt-contrib-imagemin-0.2.1.tgz
278 silly lockFile c4800b2c-grunt-contrib-imagemin-0-2-1 grunt-contrib-imagemin@0.2.1
279 silly lockFile c4800b2c-grunt-contrib-imagemin-0-2-1 grunt-contrib-imagemin@0.2.1
280 silly lockFile 65f7368c-grunt-contrib-imagemin-0-2-0 grunt-contrib-imagemin@~0.2.0
281 silly lockFile 65f7368c-grunt-contrib-imagemin-0-2-0 grunt-contrib-imagemin@~0.2.0
282 silly lockFile 90f282d3-y-grunt-contrib-uglify-0-2-7-tgz https://registry.npmjs.org/grunt-contrib-uglify/-/grunt-contrib-uglify-0.2.7.tgz
283 silly lockFile 90f282d3-y-grunt-contrib-uglify-0-2-7-tgz https://registry.npmjs.org/grunt-contrib-uglify/-/grunt-contrib-uglify-0.2.7.tgz
284 http 200 https://registry.npmjs.org/grunt-recess/-/grunt-recess-0.3.5.tgz
285 silly lockFile 480328f6-grunt-contrib-uglify-0-2-7 grunt-contrib-uglify@0.2.7
286 silly lockFile 480328f6-grunt-contrib-uglify-0-2-7 grunt-contrib-uglify@0.2.7
287 silly lockFile deac4dba-grunt-contrib-uglify-0-2-2 grunt-contrib-uglify@~0.2.2
288 silly lockFile deac4dba-grunt-contrib-uglify-0-2-2 grunt-contrib-uglify@~0.2.2
289 silly lockFile 3ade3ad5-nt-recess-grunt-recess-0-3-5-tgz https://registry.npmjs.org/grunt-recess/-/grunt-recess-0.3.5.tgz
290 silly lockFile 3ade3ad5-nt-recess-grunt-recess-0-3-5-tgz https://registry.npmjs.org/grunt-recess/-/grunt-recess-0.3.5.tgz
291 silly lockFile d46bebc3-grunt-recess-0-3-5 grunt-recess@0.3.5
292 silly lockFile d46bebc3-grunt-recess-0-3-5 grunt-recess@0.3.5
293 silly lockFile 708d7cde-grunt-recess-0-3-5 grunt-recess@~0.3.5
294 silly lockFile 708d7cde-grunt-recess-0-3-5 grunt-recess@~0.3.5
295 http 200 https://registry.npmjs.org/grunt-contrib-watch/-/grunt-contrib-watch-0.5.3.tgz
296 silly lockFile 5dca6013-ch-grunt-contrib-watch-0-5-3-tgz https://registry.npmjs.org/grunt-contrib-watch/-/grunt-contrib-watch-0.5.3.tgz
297 silly lockFile 5dca6013-ch-grunt-contrib-watch-0-5-3-tgz https://registry.npmjs.org/grunt-contrib-watch/-/grunt-contrib-watch-0.5.3.tgz
298 silly lockFile d70d7cec-grunt-contrib-watch-0-5-3 grunt-contrib-watch@0.5.3
299 silly lockFile d70d7cec-grunt-contrib-watch-0-5-3 grunt-contrib-watch@0.5.3
300 silly lockFile a6069a13-grunt-contrib-watch-0-5-2 grunt-contrib-watch@~0.5.2
301 silly lockFile a6069a13-grunt-contrib-watch-0-5-2 grunt-contrib-watch@~0.5.2
302 http 200 https://registry.npmjs.org/grunt
303 silly registry.get cb [ 200,
303 silly registry.get   { date: 'Fri, 20 Feb 2015 16:58:50 GMT',
303 silly registry.get     server: 'CouchDB/1.5.0 (Erlang OTP/R16B03)',
303 silly registry.get     etag: '"A9G9Z6H2G2CSFOQQLYYGA8UPH"',
303 silly registry.get     'content-type': 'application/json',
303 silly registry.get     'cache-control': 'max-age=60',
303 silly registry.get     'content-length': '88419',
303 silly registry.get     'accept-ranges': 'bytes',
303 silly registry.get     via: '1.1 varnish',
303 silly registry.get     age: '0',
303 silly registry.get     'x-served-by': 'cache-ams4124-AMS',
303 silly registry.get     'x-cache': 'HIT',
303 silly registry.get     'x-cache-hits': '1',
303 silly registry.get     'x-timer': 'S1424451530.170284,VS0,VE675',
303 silly registry.get     vary: 'Accept',
303 silly registry.get     'keep-alive': 'timeout=10, max=49',
303 silly registry.get     connection: 'Keep-Alive' } ]
304 silly addNameRange number 2 { name: 'grunt', range: '>=0.4.1-0 <0.5.0-0', hasData: true }
305 silly addNameRange versions [ 'grunt',
305 silly addNameRange   [ '0.1.0',
305 silly addNameRange     '0.1.1',
305 silly addNameRange     '0.1.2',
305 silly addNameRange     '0.2.0',
305 silly addNameRange     '0.2.1',
305 silly addNameRange     '0.2.2',
305 silly addNameRange     '0.2.3',
305 silly addNameRange     '0.2.4',
305 silly addNameRange     '0.2.5',
305 silly addNameRange     '0.2.6',
305 silly addNameRange     '0.2.7',
305 silly addNameRange     '0.2.8',
305 silly addNameRange     '0.2.9',
305 silly addNameRange     '0.2.10',
305 silly addNameRange     '0.2.11',
305 silly addNameRange     '0.2.12',
305 silly addNameRange     '0.2.13',
305 silly addNameRange     '0.2.14',
305 silly addNameRange     '0.2.15',
305 silly addNameRange     '0.3.0',
305 silly addNameRange     '0.3.1',
305 silly addNameRange     '0.3.2',
305 silly addNameRange     '0.3.3',
305 silly addNameRange     '0.3.4',
305 silly addNameRange     '0.3.5',
305 silly addNameRange     '0.3.6',
305 silly addNameRange     '0.3.7',
305 silly addNameRange     '0.3.8',
305 silly addNameRange     '0.3.9',
305 silly addNameRange     '0.3.10',
305 silly addNameRange     '0.3.11',
305 silly addNameRange     '0.3.12',
305 silly addNameRange     '0.3.13',
305 silly addNameRange     '0.3.14',
305 silly addNameRange     '0.3.15',
305 silly addNameRange     '0.3.16',
305 silly addNameRange     '0.3.17',
305 silly addNameRange     '0.4.0',
305 silly addNameRange     '0.4.1',
305 silly addNameRange     '0.4.2',
305 silly addNameRange     '0.4.3',
305 silly addNameRange     '0.4.4',
305 silly addNameRange     '0.4.5',
305 silly addNameRange     '0.3.13-a',
305 silly addNameRange     '0.4.0-a',
305 silly addNameRange     '0.4.0-rc1',
305 silly addNameRange     '0.4.0-rc2',
305 silly addNameRange     '0.4.0-rc3',
305 silly addNameRange     '0.4.0-rc4',
305 silly addNameRange     '0.4.0-rc5',
305 silly addNameRange     '0.4.0-rc6',
305 silly addNameRange     '0.4.0-rc7',
305 silly addNameRange     '0.4.0-rc8' ] ]
306 verbose addNamed [ 'grunt', '0.4.5' ]
307 verbose addNamed [ '0.4.5', '0.4.5' ]
308 silly lockFile 81abf7ad-grunt-0-4-5 grunt@0.4.5
309 verbose lock grunt@0.4.5 /Users/tom/.npm/81abf7ad-grunt-0-4-5.lock
310 silly lockFile 81abf7ad-grunt-0-4-5 grunt@0.4.5
311 silly lockFile 81abf7ad-grunt-0-4-5 grunt@0.4.5
312 silly lockFile 766a3bd3-grunt-0-4-1 grunt@~0.4.1
313 silly lockFile 766a3bd3-grunt-0-4-1 grunt@~0.4.1
314 error Error: EACCES, mkdir '/Users/tom/.npm/grunt-contrib-watch/0.5.3'
314 error  { [Error: EACCES, mkdir '/Users/tom/.npm/grunt-contrib-watch/0.5.3']
314 error   errno: 3,
314 error   code: 'EACCES',
314 error   path: '/Users/tom/.npm/grunt-contrib-watch/0.5.3',
314 error   parent: 'minimal-mistakes-theme' }
315 error Please try running this command again as root/Administrator.
316 error System Darwin 13.4.0
317 error command "node" "/usr/local/bin/npm" "install"
318 error cwd /Users/tom/github/tombola.github.io
319 error node -v v0.10.32
320 error npm -v 1.4.28
321 error path /Users/tom/.npm/grunt-contrib-watch/0.5.3
322 error code EACCES
323 error errno 3
324 error stack Error: EACCES, mkdir '/Users/tom/.npm/grunt-contrib-watch/0.5.3'
325 verbose exit [ 3, true ]
